<?xml version="1.0" encoding="UTF-8"?>
<!-- Generated by org.testng.reporters.JUnitXMLReporter -->
<testsuite ignored="0" hostname="LAPTOP-F75NTUBU" failures="0" tests="4" name="login testcases" time="25.491" errors="0" timestamp="2021-07-19T23:19:04 IST">
  <testcase classname="loginTestCases.login" name="loginwithcorrectcredential" time="9.477"/>
  <testcase classname="loginTestCases.login" name="loginwithcorrectcredential" time="2.164"/>
  <testcase classname="loginTestCases.login" name="loginwithcorrectcredential" time="2.064"/>
  <testcase classname="loginTestCases.login" name="loginwithcorrectcredential" time="4.514"/>
</testsuite> <!-- login testcases -->
