<?xml version="1.0" encoding="UTF-8"?>
<testng-results ignored="0" total="4" passed="4" failed="0" skipped="0">
  <reporter-output>
  </reporter-output>
  <suite started-at="2021-07-19T23:18:37 IST" name="login" finished-at="2021-07-19T23:19:03 IST" duration-ms="25491">
    <groups>
    </groups>
    <test started-at="2021-07-19T23:18:37 IST" name="login testcases" finished-at="2021-07-19T23:19:03 IST" duration-ms="25491">
      <class name="loginTestCases.login">
        <test-method is-config="true" signature="driver()[pri:0, instance:loginTestCases.login@2f177a4b]" started-at="2021-07-19T23:18:37 IST" name="driver" finished-at="2021-07-19T23:18:41 IST" duration-ms="3767" status="PASS">
          <reporter-output>
          </reporter-output>
        </test-method> <!-- driver -->
        <test-method signature="loginwithcorrectcredential(java.lang.String, java.lang.String)[pri:0, instance:loginTestCases.login@2f177a4b]" started-at="2021-07-19T23:18:41 IST" name="loginwithcorrectcredential" data-provider="logindata" finished-at="2021-07-19T23:18:51 IST" duration-ms="9477" status="PASS">
          <params>
            <param index="0">
              <value>
                <![CDATA[Admin1]]>
              </value>
            </param>
            <param index="1">
              <value>
                <![CDATA[admin1233]]>
              </value>
            </param>
          </params>
          <reporter-output>
          </reporter-output>
        </test-method> <!-- loginwithcorrectcredential -->
        <test-method signature="loginwithcorrectcredential(java.lang.String, java.lang.String)[pri:0, instance:loginTestCases.login@2f177a4b]" started-at="2021-07-19T23:18:51 IST" name="loginwithcorrectcredential" data-provider="logindata" finished-at="2021-07-19T23:18:53 IST" duration-ms="2164" status="PASS">
          <params>
            <param index="0">
              <value>
                <![CDATA[Admin1]]>
              </value>
            </param>
            <param index="1">
              <value>
                <![CDATA[admin123]]>
              </value>
            </param>
          </params>
          <reporter-output>
          </reporter-output>
        </test-method> <!-- loginwithcorrectcredential -->
        <test-method signature="loginwithcorrectcredential(java.lang.String, java.lang.String)[pri:0, instance:loginTestCases.login@2f177a4b]" started-at="2021-07-19T23:18:53 IST" name="loginwithcorrectcredential" data-provider="logindata" finished-at="2021-07-19T23:18:55 IST" duration-ms="2064" status="PASS">
          <params>
            <param index="0">
              <value>
                <![CDATA[Admin]]>
              </value>
            </param>
            <param index="1">
              <value>
                <![CDATA[admin1233]]>
              </value>
            </param>
          </params>
          <reporter-output>
          </reporter-output>
        </test-method> <!-- loginwithcorrectcredential -->
        <test-method signature="loginwithcorrectcredential(java.lang.String, java.lang.String)[pri:0, instance:loginTestCases.login@2f177a4b]" started-at="2021-07-19T23:18:55 IST" name="loginwithcorrectcredential" data-provider="logindata" finished-at="2021-07-19T23:19:00 IST" duration-ms="4514" status="PASS">
          <params>
            <param index="0">
              <value>
                <![CDATA[Admin]]>
              </value>
            </param>
            <param index="1">
              <value>
                <![CDATA[admin123]]>
              </value>
            </param>
          </params>
          <reporter-output>
          </reporter-output>
        </test-method> <!-- loginwithcorrectcredential -->
        <test-method is-config="true" signature="exit()[pri:0, instance:loginTestCases.login@2f177a4b]" started-at="2021-07-19T23:19:00 IST" name="exit" finished-at="2021-07-19T23:19:03 IST" duration-ms="3103" status="PASS">
          <reporter-output>
          </reporter-output>
        </test-method> <!-- exit -->
      </class> <!-- loginTestCases.login -->
    </test> <!-- login testcases -->
  </suite> <!-- login -->
</testng-results>
