<?xml version="1.0" encoding="UTF-8"?>
<!-- Generated by org.testng.reporters.JUnitXMLReporter -->
<testsuite ignored="0" hostname="LAPTOP-F75NTUBU" failures="0" tests="4" name="Default test" time="20.58" errors="0" timestamp="2021-07-19T23:12:20 IST">
  <testcase classname="loginTestCases.login" name="loginwithcorrectcredential" time="5.759"/>
  <testcase classname="loginTestCases.login" name="loginwithcorrectcredential" time="1.349"/>
  <testcase classname="loginTestCases.login" name="loginwithcorrectcredential" time="1.722"/>
  <testcase classname="loginTestCases.login" name="loginwithcorrectcredential" time="4.876"/>
</testsuite> <!-- Default test -->
